<?xml version="1.0" encoding="UTF-8" ?>
<testsuite tests="2" failures="0" name="mn.threesor.tims.service.BonusServiceTest" time="2.654" errors="1" skipped="0">
  <properties>
[...]
</properties>
  <testcase classname="mn.threesor.tims.service.BonusServiceTest" name="testSaveAndGet" time="2.529">
    <error message="could not insert: [mn.threesor.tims.model.Bonus]" type="org.hibernate.exception.ConstraintViolationException">org.hibernate.exception.ConstraintViolationException: could not insert: [mn.threesor.tims.model.Bonus]
	at org.hibernate.exception.SQLStateConverter.convert(SQLStateConverter.java:96)
	at org.hibernate.exception.JDBCExceptionHelper.convert(JDBCExceptionHelper.java:66)
	at org.hibernate.id.insert.AbstractReturningDelegate.performInsert(AbstractReturningDelegate.java:64)
	at org.hibernate.persister.entity.AbstractEntityPersister.insert(AbstractEntityPersister.java:2329)
	at org.hibernate.persister.entity.AbstractEntityPersister.insert(AbstractEntityPersister.java:2836)
	at org.hibernate.action.EntityIdentityInsertAction.execute(EntityIdentityInsertAction.java:71)
	at org.hibernate.engine.ActionQueue.execute(ActionQueue.java:267)
	at org.hibernate.event.def.AbstractSaveEventListener.performSaveOrReplicate(AbstractSaveEventListener.java:321)
	at org.hibernate.event.def.AbstractSaveEventListener.performSave(AbstractSaveEventListener.java:204)
	at org.hibernate.event.def.AbstractSaveEventListener.saveWithGeneratedId(AbstractSaveEventListener.java:130)
	at org.hibernate.event.def.DefaultSaveOrUpdateEventListener.saveWithGeneratedOrRequestedId(DefaultSaveOrUpdateEventListener.java:210)
	at org.hibernate.event.def.DefaultSaveEventListener.saveWithGeneratedOrRequestedId(DefaultSaveEventListener.java:56)
	at org.hibernate.event.def.DefaultSaveOrUpdateEventListener.entityIsTransient(DefaultSaveOrUpdateEventListener.java:195)
	at org.hibernate.event.def.DefaultSaveEventListener.performSaveOrUpdate(DefaultSaveEventListener.java:50)
	at org.hibernate.event.def.DefaultSaveOrUpdateEventListener.onSaveOrUpdate(DefaultSaveOrUpdateEventListener.java:93)
	at org.hibernate.impl.SessionImpl.fireSave(SessionImpl.java:705)
	at org.hibernate.impl.SessionImpl.save(SessionImpl.java:693)
	at org.hibernate.impl.SessionImpl.save(SessionImpl.java:689)
	at mn.threesor.tims.service.GenericEntityService.save(GenericEntityService.java:41)
	at mn.threesor.tims.service.BonusServiceTest.testSaveAndGet(BonusServiceTest.java:25)
	at sun.reflect.NativeMethodAccessorImpl.invoke0(Native Method)
	at sun.reflect.NativeMethodAccessorImpl.invoke(NativeMethodAccessorImpl.java:62)
	at sun.reflect.DelegatingMethodAccessorImpl.invoke(DelegatingMethodAccessorImpl.java:43)
	at java.lang.reflect.Method.invoke(Method.java:497)
	at junit.framework.TestCase.runTest(TestCase.java:176)
	at junit.framework.TestCase.runBare(TestCase.java:141)
	at org.springframework.test.ConditionalTestCase.runBare(ConditionalTestCase.java:76)
	at junit.framework.TestResult$1.protect(TestResult.java:122)
	at junit.framework.TestResult.runProtected(TestResult.java:142)
	at junit.framework.TestResult.run(TestResult.java:125)
	at junit.framework.TestCase.run(TestCase.java:129)
	at junit.framework.TestSuite.runTest(TestSuite.java:255)
	at junit.framework.TestSuite.run(TestSuite.java:250)
	at org.junit.internal.runners.JUnit38ClassRunner.run(JUnit38ClassRunner.java:84)
	at org.apache.maven.surefire.junit4.JUnit4TestSet.execute(JUnit4TestSet.java:53)
	at org.apache.maven.surefire.junit4.JUnit4Provider.executeTestSet(JUnit4Provider.java:123)
	at org.apache.maven.surefire.junit4.JUnit4Provider.invoke(JUnit4Provider.java:104)
	at sun.reflect.NativeMethodAccessorImpl.invoke0(Native Method)
	at sun.reflect.NativeMethodAccessorImpl.invoke(NativeMethodAccessorImpl.java:62)
	at sun.reflect.DelegatingMethodAccessorImpl.invoke(DelegatingMethodAccessorImpl.java:43)
	at java.lang.reflect.Method.invoke(Method.java:497)
	at org.apache.maven.surefire.util.ReflectionUtils.invokeMethodWithArray(ReflectionUtils.java:164)
	at org.apache.maven.surefire.booter.ProviderFactory$ProviderProxy.invoke(ProviderFactory.java:110)
	at org.apache.maven.surefire.booter.SurefireStarter.invokeProvider(SurefireStarter.java:175)
	at org.apache.maven.surefire.booter.SurefireStarter.runSuitesInProcessWhenForked(SurefireStarter.java:107)
	at org.apache.maven.surefire.booter.ForkedBooter.main(ForkedBooter.java:68)
Caused by: org.h2.jdbc.JdbcSQLException: Unique index or primary key violation: &quot;CONSTRAINT_INDEX_3C ON PUBLIC.BONUS(NAME)&quot;; SQL statement:
insert into Bonus (id, name, value) values (null, ?, ?) [23001-152]
	at org.h2.message.DbException.getJdbcSQLException(DbException.java:327)
	at org.h2.message.DbException.get(DbException.java:167)
	at org.h2.message.DbException.get(DbException.java:144)
	at org.h2.index.BaseIndex.getDuplicateKeyException(BaseIndex.java:79)
	at org.h2.index.PageBtree.find(PageBtree.java:121)
	at org.h2.index.PageBtreeLeaf.addRow(PageBtreeLeaf.java:146)
	at org.h2.index.PageBtreeLeaf.addRowTry(PageBtreeLeaf.java:100)
	at org.h2.index.PageBtreeIndex.addRow(PageBtreeIndex.java:93)
	at org.h2.index.PageBtreeIndex.add(PageBtreeIndex.java:84)
	at org.h2.table.RegularTable.addRow(RegularTable.java:127)
	at org.h2.command.dml.Insert.insertRows(Insert.java:126)
	at org.h2.command.dml.Insert.update(Insert.java:86)
	at org.h2.command.CommandContainer.update(CommandContainer.java:69)
	at org.h2.command.Command.executeUpdate(Command.java:212)
	at org.h2.jdbc.JdbcPreparedStatement.executeUpdateInternal(JdbcPreparedStatement.java:143)
	at org.h2.jdbc.JdbcPreparedStatement.executeUpdate(JdbcPreparedStatement.java:129)
	at com.mchange.v2.c3p0.impl.NewProxyPreparedStatement.executeUpdate(NewProxyPreparedStatement.java:105)
	at org.hibernate.id.IdentityGenerator$GetGeneratedKeysDelegate.executeAndExtract(IdentityGenerator.java:94)
	at org.hibernate.id.insert.AbstractReturningDelegate.performInsert(AbstractReturningDelegate.java:57)
	... 43 more
</error>
    <system-out>2015-10-05 10:34:42,352 [INFO ] (mn.threesor.tims.service.BonusServiceTest:187) - Loading context for locations: classpath:/spring-context-tims.xml
2015-10-05 10:34:42,399 [INFO ] (org.springframework.beans.factory.xml.XmlBeanDefinitionReader:315) - Loading XML bean definitions from class path resource [spring-context-tims.xml]
2015-10-05 10:34:42,555 [INFO ] (org.springframework.context.support.GenericApplicationContext:456) - Refreshing org.springframework.context.support.GenericApplicationContext@1a03464: startup date [Mon Oct 05 10:34:42 ULAT 2015]; root of context hierarchy
2015-10-05 10:34:42,633 [INFO ] (org.springframework.beans.factory.support.DefaultListableBeanFactory:555) - Pre-instantiating singletons in org.springframework.beans.factory.support.DefaultListableBeanFactory@150efb8: defining beans [sessionFactory,transactionManager,org.springframework.aop.config.internalAutoProxyCreator,org.springframework.transaction.annotation.AnnotationTransactionAttributeSource#0,org.springframework.transaction.interceptor.TransactionInterceptor#0,org.springframework.transaction.config.internalTransactionAdvisor,sessionProvider,usersService,roleService,psService,stepPriceService,productModelService,productModelCodeService,employeeService,workStepService,trackingSheetService,imageService,stollPriceService,customerService,productTypeService,colourService,sizeService,occupationService,bonusService,materialService,coloursPercentService]; root of factory hierarchy
2015-10-05 10:34:42,695 [INFO ] (org.hibernate.cfg.annotations.Version:43) - Hibernate Annotations 3.5.6-Final
2015-10-05 10:34:42,695 [INFO ] (org.hibernate.cfg.Environment:570) - Hibernate 3.5.6-Final
2015-10-05 10:34:42,695 [INFO ] (org.hibernate.cfg.Environment:588) - loaded properties from resource hibernate.properties: {hibernate.c3p0.timeout=1800, hibernate.connection.autocommit=false, hibernate.connection.driver_class=org.h2.Driver, hibernate.cache.provider_class=org.hibernate.cache.EhCacheProvider, hibernate.c3p0.max_statements=50, hibernate.current_session_context_class=thread, hibernate.c3p0.max_size=20, hibernate.cache.use_query_cache=true, hibernate.cache.use_second_level_cache=true, hibernate.c3p0.min_size=5, hibernate.connection.username=sa, hibernate.hbm2ddl.auto=update, hibernate.connection.url=jdbc:h2:/C:/TEMP/3sor-db, hibernate.connection.provider_class=org.hibernate.connection.C3P0ConnectionProvider, hibernate.bytecode.use_reflection_optimizer=false, hibernate.show_sql=true, hibernate.connection.password=****}
2015-10-05 10:34:42,711 [INFO ] (org.hibernate.cfg.Environment:781) - Bytecode provider name : javassist
2015-10-05 10:34:42,711 [INFO ] (org.hibernate.cfg.Environment:662) - using JDK 1.4 java.sql.Timestamp handling
2015-10-05 10:34:42,789 [INFO ] (org.hibernate.annotations.common.Version:37) - Hibernate Commons Annotations 3.2.0.Final
2015-10-05 10:34:42,851 [INFO ] (org.hibernate.cfg.AnnotationBinder:529) - Binding entity from annotated class: mn.threesor.tims.model.Users
2015-10-05 10:34:42,851 [INFO ] (org.hibernate.cfg.annotations.QueryBinder:86) - Binding Named query: user.name =&gt; select u from Users u where userName like :name
2015-10-05 10:34:42,851 [INFO ] (org.hibernate.cfg.annotations.QueryBinder:86) - Binding Named query: user.idandname =&gt; select u from Users u where userName like :name and id&lt;&gt;:id
2015-10-05 10:34:42,851 [INFO ] (org.hibernate.cfg.annotations.QueryBinder:86) - Binding Named query: user.notinemployee =&gt; select u from Users u where id not in (select e.empUser.id from Employee e where e.empUser is not null)
2015-10-05 10:34:42,882 [INFO ] (org.hibernate.cfg.annotations.EntityBinder:501) - Bind entity mn.threesor.tims.model.Users on table users
2015-10-05 10:34:42,945 [INFO ] (org.hibernate.cfg.AnnotationBinder:529) - Binding entity from annotated class: mn.threesor.tims.model.Role
2015-10-05 10:34:42,945 [INFO ] (org.hibernate.cfg.annotations.QueryBinder:86) - Binding Named query: Role =&gt; select r from Role r where role like :role
2015-10-05 10:34:42,945 [INFO ] (org.hibernate.cfg.annotations.EntityBinder:501) - Bind entity mn.threesor.tims.model.Role on table role
2015-10-05 10:34:42,945 [INFO ] (org.hibernate.cfg.AnnotationBinder:529) - Binding entity from annotated class: mn.threesor.tims.model.ProductionStep
2015-10-05 10:34:42,945 [INFO ] (org.hibernate.cfg.annotations.QueryBinder:86) - Binding Named query: productionStep.getName =&gt; select ps.name from ProductionStep ps where ps.id = :id
2015-10-05 10:34:42,945 [INFO ] (org.hibernate.cfg.annotations.QueryBinder:86) - Binding Named query: ps.getWithID =&gt; select ps from ProductionStep ps where name like :name and id&lt;&gt;:id
2015-10-05 10:34:42,945 [INFO ] (org.hibernate.cfg.annotations.QueryBinder:86) - Binding Named query: ps.getWithoutID =&gt; select ps from ProductionStep ps where name like :name
2015-10-05 10:34:42,960 [INFO ] (org.hibernate.cfg.annotations.EntityBinder:501) - Bind entity mn.threesor.tims.model.ProductionStep on table productionStep
2015-10-05 10:34:42,960 [INFO ] (org.hibernate.cfg.AnnotationBinder:529) - Binding entity from annotated class: mn.threesor.tims.model.Employee
2015-10-05 10:34:42,960 [INFO ] (org.hibernate.cfg.annotations.QueryBinder:86) - Binding Named query: Employee.findFirstName =&gt; select emp from Employee emp where emp.firstName like :firstName
2015-10-05 10:34:42,960 [INFO ] (org.hibernate.cfg.annotations.QueryBinder:86) - Binding Named query: Employee.find =&gt; select d from Employee d where regNumber like :reg and id&lt;&gt;:id
2015-10-05 10:34:42,960 [INFO ] (org.hibernate.cfg.annotations.QueryBinder:86) - Binding Named query: Employee.normal =&gt; select d from Employee d where status =:stat
2015-10-05 10:34:42,960 [INFO ] (org.hibernate.cfg.annotations.QueryBinder:86) - Binding Named query: Employee.findRegnumber =&gt; select e from Employee e where regNumber like :reg
2015-10-05 10:34:42,960 [INFO ] (org.hibernate.cfg.annotations.QueryBinder:86) - Binding Named query: Employee.empUser =&gt; select e from Employee e where empUser.id = :userId
2015-10-05 10:34:42,960 [INFO ] (org.hibernate.cfg.annotations.QueryBinder:86) - Binding Named query: Employee.checkCode =&gt; select e from Employee e where code like :code
2015-10-05 10:34:42,960 [INFO ] (org.hibernate.cfg.annotations.QueryBinder:86) - Binding Named query: Employee.checkCodeAndId =&gt; select e from Employee e where code like :code and id &lt;&gt;:id
2015-10-05 10:34:42,960 [INFO ] (org.hibernate.cfg.annotations.EntityBinder:501) - Bind entity mn.threesor.tims.model.Employee on table Employee
2015-10-05 10:34:42,976 [INFO ] (org.hibernate.cfg.AnnotationBinder:529) - Binding entity from annotated class: mn.threesor.tims.model.StepPrice
2015-10-05 10:34:42,976 [INFO ] (org.hibernate.cfg.annotations.QueryBinder:86) - Binding Named query: stepPrice.getListProductStep =&gt; select sp.productStep from StepPrice sp where productModel = :id
2015-10-05 10:34:42,976 [INFO ] (org.hibernate.cfg.annotations.QueryBinder:86) - Binding Named query: stepPrice.updatePrice =&gt; update StepPrice set price = :price where id=:id
2015-10-05 10:34:42,976 [INFO ] (org.hibernate.cfg.annotations.EntityBinder:501) - Bind entity mn.threesor.tims.model.StepPrice on table stepPrice
2015-10-05 10:34:42,976 [INFO ] (org.hibernate.cfg.AnnotationBinder:529) - Binding entity from annotated class: mn.threesor.tims.model.ProductModel
2015-10-05 10:34:42,976 [INFO ] (org.hibernate.cfg.annotations.QueryBinder:86) - Binding Named query: productModel.setProductModel =&gt; UPDATE StepPrice s SET s.productModel =(select max(pm.id) from ProductModel pm) where s.productModel is null
2015-10-05 10:34:42,976 [INFO ] (org.hibernate.cfg.annotations.QueryBinder:86) - Binding Named query: productModel.getAllProductionStep =&gt; SELECT ps FROM ProductionStep ps
2015-10-05 10:34:42,976 [INFO ] (org.hibernate.cfg.annotations.QueryBinder:86) - Binding Named query: productModel.getSomeStepPrice =&gt; SELECT sp FROM StepPrice sp WHERE price &gt; 0 AND productStep_id LIKE :productStep_id
2015-10-05 10:34:42,976 [INFO ] (org.hibernate.cfg.annotations.QueryBinder:86) - Binding Named query: ProductModel.stepPrices =&gt; select pm.listOfStepPrice from ProductModel pm where pm.id = :id
2015-10-05 10:34:42,976 [INFO ] (org.hibernate.cfg.annotations.QueryBinder:86) - Binding Named query: ProductModel.getImages =&gt; select pm.imageList from ProductModel pm where pm.id = :id
2015-10-05 10:34:42,976 [INFO ] (org.hibernate.cfg.annotations.QueryBinder:86) - Binding Named query: updateStatusDesc =&gt; update ProductModel set status=:status, description=:description,chordPrice=:chordPrice,unitChordPrice=:unitChordPrice,aidPrice=:aidPrice,sellPrice=:sellPrice,modelId=:modelId,percent=:percent,stoll=:stoll,yarnNumber=:ynumber where id =:id
2015-10-05 10:34:42,976 [INFO ] (org.hibernate.cfg.annotations.QueryBinder:86) - Binding Named query: productModel.getLastImageId =&gt; SELECT im FROM Image im WHERE id = (SELECT MAX(id) FROM Image)
2015-10-05 10:34:42,976 [INFO ] (org.hibernate.cfg.annotations.QueryBinder:86) - Binding Named query: productModel.getOnePM =&gt; SELECT pm FROM ProductModel pm WHERE id = :id
2015-10-05 10:34:42,976 [INFO ] (org.hibernate.cfg.annotations.QueryBinder:86) - Binding Named query: productModel.getOnePMupModel =&gt; SELECT pm FROM ProductModel pm WHERE modelId = :model and status = 0
2015-10-05 10:34:42,976 [INFO ] (org.hibernate.cfg.annotations.QueryBinder:86) - Binding Named query: productModel.getActiveList =&gt; SELECT pm FROM ProductModel pm WHERE status = 0
2015-10-05 10:34:42,976 [INFO ] (org.hibernate.cfg.annotations.QueryBinder:86) - Binding Named query: productmodel.check =&gt; select pm from ProductModel pm where modelid like :model and id&lt;&gt;:id
2015-10-05 10:34:42,976 [INFO ] (org.hibernate.cfg.annotations.QueryBinder:86) - Binding Named query: productModel.findAll =&gt; select pm from ProductModel pm order by  substr(pm.modelId,5,2),pm.modelId
2015-10-05 10:34:42,976 [INFO ] (org.hibernate.cfg.annotations.QueryBinder:86) - Binding Named query: productModel.getColors =&gt; select listOfColours from ProductModel pm
2015-10-05 10:34:42,976 [INFO ] (org.hibernate.cfg.annotations.QueryBinder:86) - Binding Named query: productModel.getModelId =&gt; select pm from ProductModel pm where modelId = :model
2015-10-05 10:34:42,976 [INFO ] (org.hibernate.cfg.annotations.EntityBinder:501) - Bind entity mn.threesor.tims.model.ProductModel on table productModel
2015-10-05 10:34:42,992 [INFO ] (org.hibernate.cfg.AnnotationBinder:529) - Binding entity from annotated class: mn.threesor.tims.model.ProductModelCode
2015-10-05 10:34:42,992 [INFO ] (org.hibernate.cfg.annotations.QueryBinder:86) - Binding Named query: ProductModelCode.getLastAdd =&gt; select pmc from ProductModelCode pmc order by id desc limit 1
2015-10-05 10:34:42,992 [INFO ] (org.hibernate.cfg.annotations.QueryBinder:86) - Binding Named query: ProductModelCode.getLastModelId =&gt; SELECT p FROM ProductModelCode p WHERE number = (SELECT MAX(number) FROM ProductModelCode WHERE category LIKE :category AND material LIKE :material AND gauge LIKE :gauge AND productType LIKE :productType)
2015-10-05 10:34:42,992 [INFO ] (org.hibernate.cfg.annotations.QueryBinder:86) - Binding Named query: ProductModelCode.getCode =&gt; select p from ProductModelCode p where category like :category and material like :material and gauge like :gauge and number like :number and productType like :type
2015-10-05 10:34:42,992 [INFO ] (org.hibernate.cfg.annotations.QueryBinder:86) - Binding Named query: ProductModelCode.getCodeWithNumber =&gt; select p from ProductModelCode p where category like :category and material like :material and gauge like :gauge and number like :number and productType like :type
2015-10-05 10:34:42,992 [INFO ] (org.hibernate.cfg.annotations.EntityBinder:501) - Bind entity mn.threesor.tims.model.ProductModelCode on table ProductModelCode
2015-10-05 10:34:42,992 [INFO ] (org.hibernate.cfg.AnnotationBinder:529) - Binding entity from annotated class: mn.threesor.tims.model.WorkStep
2015-10-05 10:34:42,992 [INFO ] (org.hibernate.cfg.annotations.QueryBinder:86) - Binding Named query: workStep.getByDate =&gt; select ws from WorkStep ws where ws.emp.id like :empId and date between :date1 and :date2
2015-10-05 10:34:42,992 [INFO ] (org.hibernate.cfg.annotations.QueryBinder:86) - Binding Named query: workStep.getSomeStepPrice =&gt; SELECT sp FROM StepPrice sp WHERE price &gt; 0 AND productStep_id LIKE :productStep_id
2015-10-05 10:34:42,992 [INFO ] (org.hibernate.cfg.annotations.QueryBinder:86) - Binding Named query: workStep.getAllStepPrice =&gt; select stepPrice from WorkStep ws where date between :date1 and :date2
2015-10-05 10:34:42,992 [INFO ] (org.hibernate.cfg.annotations.QueryBinder:86) - Binding Named query: Workstep.getStepPrice =&gt; select stepPrice.productStep from WorkStep ws where ws.stepPrice.id = :id
2015-10-05 10:34:42,992 [INFO ] (org.hibernate.cfg.annotations.QueryBinder:86) - Binding Named query: workStep.getLastWorkStep =&gt; SELECT ws FROM WorkStep ws WHERE id = (SELECT MAX(id) FROM WorkStep)
2015-10-05 10:34:42,992 [INFO ] (org.hibernate.cfg.annotations.EntityBinder:501) - Bind entity mn.threesor.tims.model.WorkStep on table WorkStep
2015-10-05 10:34:42,992 [INFO ] (org.hibernate.cfg.AnnotationBinder:529) - Binding entity from annotated class: mn.threesor.tims.model.TrackingSheet
2015-10-05 10:34:42,992 [INFO ] (org.hibernate.cfg.annotations.QueryBinder:86) - Binding Named query: TrackingSheet.getBackingListNumber =&gt; select backingListNumber from TrackingSheet ts order by backingListNumber desc limit 1
2015-10-05 10:34:42,992 [INFO ] (org.hibernate.cfg.annotations.QueryBinder:86) - Binding Named query: TrackingSheet.getStartNumber =&gt; select count(ts) from TrackingSheet ts where startDate between :date1 and :date2
2015-10-05 10:34:42,992 [INFO ] (org.hibernate.cfg.annotations.QueryBinder:86) - Binding Named query: TrackingSheet.getAllEmp =&gt; select ts from TrackingSheet ts where ts.id in (select ws.tsid from WorkStep ws where emp = :emp1 and date between :date1 and :date2)
2015-10-05 10:34:42,992 [INFO ] (org.hibernate.cfg.annotations.QueryBinder:86) - Binding Named query: TrackingSheet.getRangedTs =&gt; select ts from TrackingSheet ts where startDate between :date1 and :date2
2015-10-05 10:34:42,992 [INFO ] (org.hibernate.cfg.annotations.QueryBinder:86) - Binding Named query: TrackingSheet.totalReport =&gt; select ts from TrackingSheet ts where startDate between :date1 and :date2
2015-10-05 10:34:43,007 [INFO ] (org.hibernate.cfg.annotations.QueryBinder:86) - Binding Named query: TrackingSheet.getEndNumber =&gt; select endNumber from TrackingSheet ts where endDate between :date1 and :date2 order by endDate desc limit 1
2015-10-05 10:34:43,007 [INFO ] (org.hibernate.cfg.annotations.QueryBinder:86) - Binding Named query: TrackingSheet.yarnReport =&gt; select ts from TrackingSheet ts where customer.name like :cusName and knitterSize.sizes like :sizeId and productModel.modelId like :productId and startDate between :date1 and :date2
2015-10-05 10:34:43,007 [INFO ] (org.hibernate.cfg.annotations.QueryBinder:86) - Binding Named query: TrackingSheet.reportFinish =&gt; select ts from TrackingSheet ts where customer.name like :cusName and knitterSize.sizes like :sizeId and productModel.modelId like :productId and startDate between :date1 and :date2 and status = 0
2015-10-05 10:34:43,007 [INFO ] (org.hibernate.cfg.annotations.QueryBinder:86) - Binding Named query: TrackingSheet.reportUnfinish =&gt; select ts from TrackingSheet ts where customer.name like :cusName and knitterSize.sizes like :sizeId and productModel.modelId like :productId and startDate between :date1 and :date2 and status = 1
2015-10-05 10:34:43,007 [INFO ] (org.hibernate.cfg.annotations.QueryBinder:86) - Binding Named query: NumberPriceReportNumberFinish =&gt; select sum(ts.knitterQuantity) from TrackingSheet ts where ts.yarnColor.id like :colourId and ts.customer.id like :customerId and ts.knitterSize.id like :sizeId and ts.productModel.modelId like :productId and ts.startDate between :date1 and :date2 and status = 0 group by ts.id
2015-10-05 10:34:43,007 [INFO ] (org.hibernate.cfg.annotations.QueryBinder:86) - Binding Named query: NumberPriceReportModelFinish =&gt; select ts.id from TrackingSheet ts where ts.yarnColor.id like :colourId and ts.customer.id like :customerId and ts.knitterSize.id like :sizeId and ts.productModel.modelId like :productId and ts.startDate between :date1 and :date2 and status = 0 group by ts.id
2015-10-05 10:34:43,007 [INFO ] (org.hibernate.cfg.annotations.QueryBinder:86) - Binding Named query: NumberPriceReportNumberUnFinish =&gt; select sum(ts.knitterQuantity) from TrackingSheet ts where ts.yarnColor.id like :colourId and ts.customer.id like :customerId and ts.knitterSize.id like :sizeId and ts.productModel.modelId like :productId and ts.startDate between :date1 and :date2 and status = 1 group by ts.id
2015-10-05 10:34:43,007 [INFO ] (org.hibernate.cfg.annotations.QueryBinder:86) - Binding Named query: NumberPriceReportModelUnFinish =&gt; select ts.id from TrackingSheet ts where ts.yarnColor.id like :colourId and ts.customer.id like :customerId and ts.knitterSize.id like :sizeId and ts.productModel.modelId like :productId and ts.startDate between :date1 and :date2 and status = 1 group by ts.id
2015-10-05 10:34:43,007 [INFO ] (org.hibernate.cfg.annotations.QueryBinder:86) - Binding Named query: TrackingSheet.getEndDate =&gt; select ts from TrackingSheet ts where endDate between :date1 and :date2 order by ts.productModel.id,ts.yarnColor.id,ts.knitterSize.id
2015-10-05 10:34:43,007 [INFO ] (org.hibernate.cfg.annotations.QueryBinder:86) - Binding Named query: TrackingSheet.getProductModel =&gt; select ts from TrackingSheet ts where ts.productModel.id like :id
2015-10-05 10:34:43,007 [INFO ] (org.hibernate.cfg.annotations.QueryBinder:86) - Binding Named query: TrackingSheet.getTrackingSheet =&gt; select ts from TrackingSheet ts where ts.id like :id
2015-10-05 10:34:43,007 [INFO ] (org.hibernate.cfg.annotations.QueryBinder:86) - Binding Named query: TrackingSheet.DeleteAllWorkStep =&gt; delete from TrackingSheet ts where ts.id like :id
2015-10-05 10:34:43,007 [INFO ] (org.hibernate.cfg.annotations.QueryBinder:86) - Binding Named query: TrackingSheet.getYarnColorList =&gt; select ts.yarnColorList from TrackingSheet ts where ts.id = :id
2015-10-05 10:34:43,007 [INFO ] (org.hibernate.cfg.annotations.QueryBinder:86) - Binding Named query: TrackingSheet.getLastAddedItem =&gt; select ts from TrackingSheet ts order by id desc limit 1
2015-10-05 10:34:43,007 [INFO ] (org.hibernate.cfg.annotations.EntityBinder:501) - Bind entity mn.threesor.tims.model.TrackingSheet on table trackingsheet
2015-10-05 10:34:43,007 [INFO ] (org.hibernate.cfg.AnnotationBinder:529) - Binding entity from annotated class: mn.threesor.tims.model.Image
2015-10-05 10:34:43,007 [INFO ] (org.hibernate.cfg.annotations.EntityBinder:501) - Bind entity mn.threesor.tims.model.Image on table image
2015-10-05 10:34:43,007 [INFO ] (org.hibernate.cfg.AnnotationBinder:529) - Binding entity from annotated class: mn.threesor.tims.model.StollPrice
2015-10-05 10:34:43,007 [INFO ] (org.hibernate.cfg.annotations.QueryBinder:86) - Binding Named query: StollPrice.getLastStollPrice =&gt; SELECT stoll FROM StollPrice stoll WHERE id = (SELECT MAX(id) FROM StollPrice)
2015-10-05 10:34:43,007 [INFO ] (org.hibernate.cfg.annotations.QueryBinder:86) - Binding Named query: StollPrice.getRealStollPrice =&gt; SELECT stoll FROM StollPrice stoll WHERE status = &apos;true&apos;
2015-10-05 10:34:43,007 [INFO ] (org.hibernate.cfg.annotations.EntityBinder:501) - Bind entity mn.threesor.tims.model.StollPrice on table StollPrice
2015-10-05 10:34:43,007 [INFO ] (org.hibernate.cfg.AnnotationBinder:529) - Binding entity from annotated class: mn.threesor.tims.model.Customer
2015-10-05 10:34:43,023 [INFO ] (org.hibernate.cfg.annotations.QueryBinder:86) - Binding Named query: Customer.check =&gt; select c from Customer c where c.name like :name and c.id!=:id
2015-10-05 10:34:43,023 [INFO ] (org.hibernate.cfg.annotations.QueryBinder:86) - Binding Named query: Customer.getLastAdd =&gt; select c.id from Customer c order by id desc limit 1
2015-10-05 10:34:43,023 [INFO ] (org.hibernate.cfg.annotations.EntityBinder:501) - Bind entity mn.threesor.tims.model.Customer on table Customer
2015-10-05 10:34:43,023 [INFO ] (org.hibernate.cfg.AnnotationBinder:529) - Binding entity from annotated class: mn.threesor.tims.model.Colour
2015-10-05 10:34:43,023 [INFO ] (org.hibernate.cfg.annotations.QueryBinder:86) - Binding Named query: colour.check =&gt; select c from Colour c where code like :code and id &lt;&gt;:id
2015-10-05 10:34:43,023 [INFO ] (org.hibernate.cfg.annotations.QueryBinder:86) - Binding Named query: colour.check1 =&gt; select c from Colour c where code like :code
2015-10-05 10:34:43,023 [INFO ] (org.hibernate.cfg.annotations.EntityBinder:501) - Bind entity mn.threesor.tims.model.Colour on table Colour
2015-10-05 10:34:43,023 [INFO ] (org.hibernate.cfg.AnnotationBinder:529) - Binding entity from annotated class: mn.threesor.tims.model.Size
2015-10-05 10:34:43,023 [INFO ] (org.hibernate.cfg.annotations.QueryBinder:86) - Binding Named query: Size.checkWithId =&gt; select s from Size s where s.sizes like :size and id &lt;&gt; :id
2015-10-05 10:34:43,023 [INFO ] (org.hibernate.cfg.annotations.QueryBinder:86) - Binding Named query: Size.check =&gt; select s from Size s where s.sizes like :size
2015-10-05 10:34:43,023 [INFO ] (org.hibernate.cfg.annotations.EntityBinder:501) - Bind entity mn.threesor.tims.model.Size on table size
2015-10-05 10:34:43,023 [INFO ] (org.hibernate.cfg.AnnotationBinder:529) - Binding entity from annotated class: mn.threesor.tims.model.ProductType
2015-10-05 10:34:43,023 [INFO ] (org.hibernate.cfg.annotations.QueryBinder:86) - Binding Named query: productType.getActiveList =&gt; SELECT pt from ProductType pt where active = &apos;true&apos;
2015-10-05 10:34:43,023 [INFO ] (org.hibernate.cfg.annotations.QueryBinder:86) - Binding Named query: productType.get =&gt; select pt from ProductType pt where prefix like :prefix
2015-10-05 10:34:43,023 [INFO ] (org.hibernate.cfg.annotations.EntityBinder:501) - Bind entity mn.threesor.tims.model.ProductType on table ProductType
2015-10-05 10:34:43,023 [INFO ] (org.hibernate.cfg.AnnotationBinder:529) - Binding entity from annotated class: mn.threesor.tims.model.Occupation
2015-10-05 10:34:43,023 [INFO ] (org.hibernate.cfg.annotations.QueryBinder:86) - Binding Named query: Occupation.checkID =&gt; select o from Occupation o where id &lt;&gt; :id and name like :name
2015-10-05 10:34:43,023 [INFO ] (org.hibernate.cfg.annotations.QueryBinder:86) - Binding Named query: Occupation.checkNonID =&gt; select o from Occupation o where name like :name
2015-10-05 10:34:43,023 [INFO ] (org.hibernate.cfg.annotations.EntityBinder:501) - Bind entity mn.threesor.tims.model.Occupation on table occupation
2015-10-05 10:34:43,038 [INFO ] (org.hibernate.cfg.AnnotationBinder:529) - Binding entity from annotated class: mn.threesor.tims.model.Bonus
2015-10-05 10:34:43,038 [INFO ] (org.hibernate.cfg.annotations.EntityBinder:501) - Bind entity mn.threesor.tims.model.Bonus on table Bonus
2015-10-05 10:34:43,038 [INFO ] (org.hibernate.cfg.AnnotationBinder:529) - Binding entity from annotated class: mn.threesor.tims.model.Material
2015-10-05 10:34:43,038 [INFO ] (org.hibernate.cfg.annotations.QueryBinder:86) - Binding Named query: Material.checkId =&gt; select m from Material m where id &lt;&gt; :id and prefix like :prefix
2015-10-05 10:34:43,038 [INFO ] (org.hibernate.cfg.annotations.QueryBinder:86) - Binding Named query: Material.check =&gt; select m from Material m where prefix like :prefix
2015-10-05 10:34:43,038 [INFO ] (org.hibernate.cfg.annotations.EntityBinder:501) - Bind entity mn.threesor.tims.model.Material on table Material
2015-10-05 10:34:43,038 [INFO ] (org.hibernate.cfg.AnnotationBinder:529) - Binding entity from annotated class: mn.threesor.tims.model.ColoursPercent
2015-10-05 10:34:43,038 [INFO ] (org.hibernate.cfg.annotations.EntityBinder:501) - Bind entity mn.threesor.tims.model.ColoursPercent on table ColoursPercent
2015-10-05 10:34:43,085 [INFO ] (org.hibernate.cfg.AnnotationConfiguration:450) - Hibernate Validator not found: ignoring
2015-10-05 10:34:43,101 [INFO ] (org.hibernate.validator.util.Version:24) - Hibernate Validator 4.2.0.Final
2015-10-05 10:34:43,179 [INFO ] (org.springframework.orm.hibernate3.annotation.AnnotationSessionFactoryBean:730) - Building new Hibernate SessionFactory
2015-10-05 10:34:43,194 [INFO ] (org.hibernate.cfg.search.HibernateSearchEventListenerRegister:75) - Unable to find org.hibernate.search.event.FullTextIndexEventListener on the classpath. Hibernate Search is not enabled.
2015-10-05 10:34:43,210 [INFO ] (org.hibernate.connection.ConnectionProviderFactory:173) - Initializing connection provider: org.hibernate.connection.C3P0ConnectionProvider
2015-10-05 10:34:43,210 [INFO ] (org.hibernate.connection.C3P0ConnectionProvider:103) - C3P0 using driver: org.h2.Driver at URL: jdbc:h2:/C:/TEMP/3sor-db
2015-10-05 10:34:43,210 [INFO ] (org.hibernate.connection.C3P0ConnectionProvider:104) - Connection properties: {user=sa, password=****, autocommit=false}
2015-10-05 10:34:43,210 [INFO ] (org.hibernate.connection.C3P0ConnectionProvider:107) - autocommit mode: false
2015-10-05 10:34:43,226 [INFO ] (com.mchange.v2.log.MLog:80) - MLog clients using log4j logging.
2015-10-05 10:34:43,397 [INFO ] (com.mchange.v2.c3p0.C3P0Registry:204) - Initializing c3p0-0.9.1 [built 16-January-2007 14:46:42; debug? true; trace: 10]
2015-10-05 10:34:43,460 [INFO ] (com.mchange.v2.c3p0.impl.AbstractPoolBackedDataSource:462) - Initializing c3p0 pool... com.mchange.v2.c3p0.PoolBackedDataSource@f3afc891 [ connectionPoolDataSource -&gt; com.mchange.v2.c3p0.WrapperConnectionPoolDataSource@99c9c337 [ acquireIncrement -&gt; 3, acquireRetryAttempts -&gt; 30, acquireRetryDelay -&gt; 1000, autoCommitOnClose -&gt; false, automaticTestTable -&gt; null, breakAfterAcquireFailure -&gt; false, checkoutTimeout -&gt; 0, connectionCustomizerClassName -&gt; null, connectionTesterClassName -&gt; com.mchange.v2.c3p0.impl.DefaultConnectionTester, debugUnreturnedConnectionStackTraces -&gt; false, factoryClassLocation -&gt; null, forceIgnoreUnresolvedTransactions -&gt; false, identityToken -&gt; 1hgeicc9cexwjax12ge5ox|dffdc3, idleConnectionTestPeriod -&gt; 0, initialPoolSize -&gt; 5, maxAdministrativeTaskTime -&gt; 0, maxConnectionAge -&gt; 0, maxIdleTime -&gt; 1800, maxIdleTimeExcessConnections -&gt; 0, maxPoolSize -&gt; 20, maxStatements -&gt; 50, maxStatementsPerConnection -&gt; 0, minPoolSize -&gt; 5, nestedDataSource -&gt; com.mchange.v2.c3p0.DriverManagerDataSource@7e0556b9 [ description -&gt; null, driverClass -&gt; null, factoryClassLocation -&gt; null, identityToken -&gt; 1hgeicc9cexwjax12ge5ox|163b475, jdbcUrl -&gt; jdbc:h2:/C:/TEMP/3sor-db, properties -&gt; {user=******, password=******, autocommit=false} ], preferredTestQuery -&gt; null, propertyCycle -&gt; 0, testConnectionOnCheckin -&gt; false, testConnectionOnCheckout -&gt; false, unreturnedConnectionTimeout -&gt; 0, usesTraditionalReflectiveProxies -&gt; false; userOverrides: {} ], dataSourceName -&gt; null, factoryClassLocation -&gt; null, identityToken -&gt; 1hgeicc9cexwjax12ge5ox|12c404, numHelperThreads -&gt; 3 ]
2015-10-05 10:34:43,805 [INFO ] (org.hibernate.cfg.SettingsFactory:117) - RDBMS: H2, version: 1.3.152 (2011-03-01)
2015-10-05 10:34:43,820 [INFO ] (org.hibernate.cfg.SettingsFactory:118) - JDBC driver: H2 JDBC Driver, version: 1.3.152 (2011-03-01)
2015-10-05 10:34:43,852 [INFO ] (org.hibernate.dialect.Dialect:206) - Using dialect: org.hibernate.dialect.H2Dialect
2015-10-05 10:34:43,852 [INFO ] (org.hibernate.engine.jdbc.JdbcSupportLoader:79) - Disabling contextual LOB creation as JDBC driver reported JDBC version [3] less than 4
2015-10-05 10:34:43,852 [INFO ] (org.hibernate.transaction.TransactionFactoryFactory:62) - Transaction strategy: org.springframework.orm.hibernate3.SpringTransactionFactory
2015-10-05 10:34:43,852 [INFO ] (org.hibernate.transaction.TransactionManagerLookupFactory:80) - No TransactionManagerLookup configured (in JTA environment, use of read-write or transactional second-level cache is not recommended)
2015-10-05 10:34:43,852 [INFO ] (org.hibernate.cfg.SettingsFactory:169) - Automatic flush during beforeCompletion(): disabled
2015-10-05 10:34:43,867 [INFO ] (org.hibernate.cfg.SettingsFactory:173) - Automatic session close at end of transaction: disabled
2015-10-05 10:34:43,867 [INFO ] (org.hibernate.cfg.SettingsFactory:180) - JDBC batch size: 15
2015-10-05 10:34:43,867 [INFO ] (org.hibernate.cfg.SettingsFactory:183) - JDBC batch updates for versioned data: disabled
2015-10-05 10:34:43,867 [INFO ] (org.hibernate.cfg.SettingsFactory:188) - Scrollable result sets: enabled
2015-10-05 10:34:43,867 [INFO ] (org.hibernate.cfg.SettingsFactory:196) - JDBC3 getGeneratedKeys(): enabled
2015-10-05 10:34:43,867 [INFO ] (org.hibernate.cfg.SettingsFactory:204) - Connection release mode: auto
2015-10-05 10:34:43,867 [INFO ] (org.hibernate.cfg.SettingsFactory:231) - Default batch fetch size: 1
2015-10-05 10:34:43,867 [INFO ] (org.hibernate.cfg.SettingsFactory:235) - Generate SQL with comments: disabled
2015-10-05 10:34:43,867 [INFO ] (org.hibernate.cfg.SettingsFactory:239) - Order SQL updates by primary key: disabled
2015-10-05 10:34:43,867 [INFO ] (org.hibernate.cfg.SettingsFactory:243) - Order SQL inserts for batching: disabled
2015-10-05 10:34:43,867 [INFO ] (org.hibernate.cfg.SettingsFactory:410) - Query translator: org.hibernate.hql.ast.ASTQueryTranslatorFactory
2015-10-05 10:34:43,867 [INFO ] (org.hibernate.hql.ast.ASTQueryTranslatorFactory:47) - Using ASTQueryTranslatorFactory
2015-10-05 10:34:43,867 [INFO ] (org.hibernate.cfg.SettingsFactory:251) - Query language substitutions: {}
2015-10-05 10:34:43,867 [INFO ] (org.hibernate.cfg.SettingsFactory:256) - JPA-QL strict compliance: disabled
2015-10-05 10:34:43,867 [INFO ] (org.hibernate.cfg.SettingsFactory:261) - Second-level cache: enabled
2015-10-05 10:34:43,867 [INFO ] (org.hibernate.cfg.SettingsFactory:265) - Query cache: enabled
2015-10-05 10:34:43,867 [INFO ] (org.hibernate.cfg.SettingsFactory:395) - Cache region factory : org.hibernate.cache.impl.bridge.RegionFactoryCacheProviderBridge
2015-10-05 10:34:43,867 [INFO ] (org.hibernate.cache.impl.bridge.RegionFactoryCacheProviderBridge:61) - Cache provider: org.hibernate.cache.EhCacheProvider
2015-10-05 10:34:43,883 [INFO ] (org.hibernate.cfg.SettingsFactory:275) - Optimize cache for minimal puts: disabled
2015-10-05 10:34:43,883 [INFO ] (org.hibernate.cfg.SettingsFactory:284) - Structured second-level cache entries: disabled
2015-10-05 10:34:43,883 [INFO ] (org.hibernate.cfg.SettingsFactory:374) - Query cache factory: org.hibernate.cache.StandardQueryCacheFactory
2015-10-05 10:34:43,883 [INFO ] (org.hibernate.cfg.SettingsFactory:304) - Echoing all SQL to stdout
2015-10-05 10:34:43,883 [INFO ] (org.hibernate.cfg.SettingsFactory:313) - Statistics: disabled
2015-10-05 10:34:43,883 [INFO ] (org.hibernate.cfg.SettingsFactory:317) - Deleted entity synthetic identifier rollback: disabled
2015-10-05 10:34:43,883 [INFO ] (org.hibernate.cfg.SettingsFactory:332) - Default entity-mode: pojo
2015-10-05 10:34:43,883 [INFO ] (org.hibernate.cfg.SettingsFactory:336) - Named query checking : enabled
2015-10-05 10:34:43,883 [INFO ] (org.hibernate.cfg.SettingsFactory:340) - Check Nullability in Core (should be disabled when Bean Validation is on): disabled
2015-10-05 10:34:43,914 [INFO ] (org.hibernate.impl.SessionFactoryImpl:199) - building session factory
2015-10-05 10:34:43,930 [WARN ] (net.sf.ehcache.config.ConfigurationFactory:133) - No configuration found. Configuring ehcache from ehcache-failsafe.xml  found in the classpath: jar:file:/C:/Users/batbold/.m2/repository/net/sf/ehcache/ehcache/1.5.0/ehcache-1.5.0.jar!/ehcache-failsafe.xml
2015-10-05 10:34:44,164 [INFO ] (org.hibernate.impl.SessionFactoryObjectFactory:105) - Not binding factory to JNDI, no JNDI name configured
2015-10-05 10:34:44,164 [INFO ] (org.hibernate.tool.hbm2ddl.SchemaUpdate:155) - Running hbm2ddl schema update
2015-10-05 10:34:44,164 [INFO ] (org.hibernate.tool.hbm2ddl.SchemaUpdate:167) - fetching database metadata
2015-10-05 10:34:44,195 [INFO ] (org.hibernate.tool.hbm2ddl.SchemaUpdate:179) - updating schema
2015-10-05 10:34:44,210 [INFO ] (org.hibernate.tool.hbm2ddl.TableMetadata:65) - table found: 3SOR-DB.PUBLIC.BONUS
2015-10-05 10:34:44,210 [INFO ] (org.hibernate.tool.hbm2ddl.TableMetadata:66) - columns: [name, id, value]
2015-10-05 10:34:44,226 [INFO ] (org.hibernate.tool.hbm2ddl.TableMetadata:68) - foreign keys: []
2015-10-05 10:34:44,226 [INFO ] (org.hibernate.tool.hbm2ddl.TableMetadata:69) - indexes: [primary_key_3c, constraint_index_3c]
2015-10-05 10:34:44,226 [INFO ] (org.hibernate.tool.hbm2ddl.TableMetadata:65) - table found: 3SOR-DB.PUBLIC.COLOUR
2015-10-05 10:34:44,226 [INFO ] (org.hibernate.tool.hbm2ddl.TableMetadata:66) - columns: [code, name, id]
2015-10-05 10:34:44,226 [INFO ] (org.hibernate.tool.hbm2ddl.TableMetadata:68) - foreign keys: []
2015-10-05 10:34:44,226 [INFO ] (org.hibernate.tool.hbm2ddl.TableMetadata:69) - indexes: [constraint_index_7, primary_key_7]
2015-10-05 10:34:44,226 [INFO ] (org.hibernate.tool.hbm2ddl.TableMetadata:65) - table found: 3SOR-DB.PUBLIC.COLOURSPERCENT
2015-10-05 10:34:44,226 [INFO ] (org.hibernate.tool.hbm2ddl.TableMetadata:66) - columns: [id, percent]
2015-10-05 10:34:44,226 [INFO ] (org.hibernate.tool.hbm2ddl.TableMetadata:68) - foreign keys: []
2015-10-05 10:34:44,226 [INFO ] (org.hibernate.tool.hbm2ddl.TableMetadata:69) - indexes: [primary_key_3d]
2015-10-05 10:34:44,226 [INFO ] (org.hibernate.tool.hbm2ddl.TableMetadata:65) - table found: 3SOR-DB.PUBLIC.CUSTOMER
2015-10-05 10:34:44,226 [INFO ] (org.hibernate.tool.hbm2ddl.TableMetadata:66) - columns: [name, id]
2015-10-05 10:34:44,226 [INFO ] (org.hibernate.tool.hbm2ddl.TableMetadata:68) - foreign keys: []
2015-10-05 10:34:44,226 [INFO ] (org.hibernate.tool.hbm2ddl.TableMetadata:69) - indexes: [primary_key_5]
2015-10-05 10:34:44,242 [INFO ] (org.hibernate.tool.hbm2ddl.TableMetadata:65) - table found: 3SOR-DB.PUBLIC.EMPLOYEE
2015-10-05 10:34:44,242 [INFO ] (org.hibernate.tool.hbm2ddl.TableMetadata:66) - columns: [birthday, firstname, code, phone, regnumber, id, empuser_id, email, lastname, status, position_id]
2015-10-05 10:34:44,242 [INFO ] (org.hibernate.tool.hbm2ddl.TableMetadata:68) - foreign keys: [fk4afd4acec634b81b, fk4afd4acea8200680]
2015-10-05 10:34:44,242 [INFO ] (org.hibernate.tool.hbm2ddl.TableMetadata:69) - indexes: [fk4afd4acec634b81b_index_f, constraint_75c_index_f, fk4afd4acea8200680_index_7, primary_key_fa]
2015-10-05 10:34:44,242 [INFO ] (org.hibernate.tool.hbm2ddl.TableMetadata:65) - table found: 3SOR-DB.PUBLIC.MATERIAL
2015-10-05 10:34:44,242 [INFO ] (org.hibernate.tool.hbm2ddl.TableMetadata:66) - columns: [prefix, description, id]
2015-10-05 10:34:44,242 [INFO ] (org.hibernate.tool.hbm2ddl.TableMetadata:68) - foreign keys: []
2015-10-05 10:34:44,242 [INFO ] (org.hibernate.tool.hbm2ddl.TableMetadata:69) - indexes: [constraint_index_40, primary_key_40]
2015-10-05 10:34:44,242 [INFO ] (org.hibernate.tool.hbm2ddl.TableMetadata:65) - table found: 3SOR-DB.PUBLIC.PRODUCTMODELCODE
2015-10-05 10:34:44,242 [INFO ] (org.hibernate.tool.hbm2ddl.TableMetadata:66) - columns: [gauge, number, material, id, category, producttype]
2015-10-05 10:34:44,242 [INFO ] (org.hibernate.tool.hbm2ddl.TableMetadata:68) - foreign keys: []
2015-10-05 10:34:44,242 [INFO ] (org.hibernate.tool.hbm2ddl.TableMetadata:69) - indexes: [primary_key_30]
2015-10-05 10:34:44,242 [INFO ] (org.hibernate.tool.hbm2ddl.TableMetadata:65) - table found: 3SOR-DB.PUBLIC.PRODUCTTYPE
2015-10-05 10:34:44,242 [INFO ] (org.hibernate.tool.hbm2ddl.TableMetadata:66) - columns: [prefix, name, active, id]
2015-10-05 10:34:44,242 [INFO ] (org.hibernate.tool.hbm2ddl.TableMetadata:68) - foreign keys: []
2015-10-05 10:34:44,242 [INFO ] (org.hibernate.tool.hbm2ddl.TableMetadata:69) - indexes: [primary_key_27, constraint_index_2]
2015-10-05 10:34:44,257 [INFO ] (org.hibernate.tool.hbm2ddl.TableMetadata:65) - table found: 3SOR-DB.PUBLIC.STOLLPRICE
2015-10-05 10:34:44,257 [INFO ] (org.hibernate.tool.hbm2ddl.TableMetadata:66) - columns: [date, sellprice, id, costprice, status]
2015-10-05 10:34:44,257 [INFO ] (org.hibernate.tool.hbm2ddl.TableMetadata:68) - foreign keys: []
2015-10-05 10:34:44,257 [INFO ] (org.hibernate.tool.hbm2ddl.TableMetadata:69) - indexes: [primary_key_23]
2015-10-05 10:34:44,257 [INFO ] (org.hibernate.tool.hbm2ddl.TableMetadata:65) - table found: 3SOR-DB.PUBLIC.WORKSTEP
2015-10-05 10:34:44,257 [INFO ] (org.hibernate.tool.hbm2ddl.TableMetadata:66) - columns: [date, quantity, bonus, id, tsid, stepprice_id, emp_id]
2015-10-05 10:34:44,257 [INFO ] (org.hibernate.tool.hbm2ddl.TableMetadata:68) - foreign keys: [fk5edb59d2637682b, fk5edb59df93a7ccf]
2015-10-05 10:34:44,257 [INFO ] (org.hibernate.tool.hbm2ddl.TableMetadata:69) - indexes: [fk5edb59df93a7ccf_index_3, fk5edb59d2637682b_index_3, primary_key_30c]
2015-10-05 10:34:44,257 [INFO ] (org.hibernate.tool.hbm2ddl.TableMetadata:65) - table found: 3SOR-DB.PUBLIC.IMAGE
2015-10-05 10:34:44,257 [INFO ] (org.hibernate.tool.hbm2ddl.TableMetadata:66) - columns: [ismain, name, id, contenttype]
2015-10-05 10:34:44,257 [INFO ] (org.hibernate.tool.hbm2ddl.TableMetadata:68) - foreign keys: []
2015-10-05 10:34:44,257 [INFO ] (org.hibernate.tool.hbm2ddl.TableMetadata:69) - indexes: [primary_key_42]
2015-10-05 10:34:44,257 [INFO ] (org.hibernate.tool.hbm2ddl.TableMetadata:65) - table found: 3SOR-DB.PUBLIC.OCCUPATION
2015-10-05 10:34:44,257 [INFO ] (org.hibernate.tool.hbm2ddl.TableMetadata:66) - columns: [name, id]
2015-10-05 10:34:44,257 [INFO ] (org.hibernate.tool.hbm2ddl.TableMetadata:68) - foreign keys: []
2015-10-05 10:34:44,257 [INFO ] (org.hibernate.tool.hbm2ddl.TableMetadata:69) - indexes: [constraint_index_7d, primary_key_7d]
2015-10-05 10:34:44,273 [INFO ] (org.hibernate.tool.hbm2ddl.TableMetadata:65) - table found: 3SOR-DB.PUBLIC.PRODUCTMODEL
2015-10-05 10:34:44,273 [INFO ] (org.hibernate.tool.hbm2ddl.TableMetadata:66) - columns: [stoll, modelid, sellprice, aidprice, description, unitchordprice, id, chordprice, percent, yarnnumber, status]
2015-10-05 10:34:44,273 [INFO ] (org.hibernate.tool.hbm2ddl.TableMetadata:68) - foreign keys: []
2015-10-05 10:34:44,273 [INFO ] (org.hibernate.tool.hbm2ddl.TableMetadata:69) - indexes: [primary_key_c]
2015-10-05 10:34:44,273 [INFO ] (org.hibernate.tool.hbm2ddl.TableMetadata:65) - table found: 3SOR-DB.PUBLIC.PRODUCTMODEL_COLOURSPERCENT
2015-10-05 10:34:44,273 [INFO ] (org.hibernate.tool.hbm2ddl.TableMetadata:66) - columns: [productmodel_id, listofcolours_id]
2015-10-05 10:34:44,273 [INFO ] (org.hibernate.tool.hbm2ddl.TableMetadata:68) - foreign keys: [fk28eaf1a3514ec9f5, fk28eaf1a3dee7b609]
2015-10-05 10:34:44,273 [INFO ] (org.hibernate.tool.hbm2ddl.TableMetadata:69) - indexes: [fk28eaf1a3514ec9f5_index_d, fk28eaf1a3dee7b609_index_d]
2015-10-05 10:34:44,288 [INFO ] (org.hibernate.tool.hbm2ddl.TableMetadata:65) - table found: 3SOR-DB.PUBLIC.PRODUCTMODEL_IMAGE
2015-10-05 10:34:44,288 [INFO ] (org.hibernate.tool.hbm2ddl.TableMetadata:66) - columns: [imagelist_id, productmodel_id]
2015-10-05 10:34:44,288 [INFO ] (org.hibernate.tool.hbm2ddl.TableMetadata:68) - foreign keys: [fk5b60045686e16c2d, fk5b600456dee7b609]
2015-10-05 10:34:44,288 [INFO ] (org.hibernate.tool.hbm2ddl.TableMetadata:69) - indexes: [fk5b600456dee7b609_index_9, constraint_index_9]
2015-10-05 10:34:44,288 [INFO ] (org.hibernate.tool.hbm2ddl.TableMetadata:65) - table found: 3SOR-DB.PUBLIC.PRODUCTMODEL_STEPPRICE
2015-10-05 10:34:44,288 [INFO ] (org.hibernate.tool.hbm2ddl.TableMetadata:66) - columns: [listofstepprice_id, productmodel_id]
2015-10-05 10:34:44,288 [INFO ] (org.hibernate.tool.hbm2ddl.TableMetadata:68) - foreign keys: [fk6c507f58dee7b609, fk6c507f582cc0afa0]
2015-10-05 10:34:44,288 [INFO ] (org.hibernate.tool.hbm2ddl.TableMetadata:69) - indexes: [fk6c507f58dee7b609_index_8, fk6c507f582cc0afa0_index_8]
2015-10-05 10:34:44,304 [INFO ] (org.hibernate.tool.hbm2ddl.TableMetadata:65) - table found: 3SOR-DB.PUBLIC.PRODUCTIONSTEP
2015-10-05 10:34:44,304 [INFO ] (org.hibernate.tool.hbm2ddl.TableMetadata:66) - columns: [name, id]
2015-10-05 10:34:44,304 [INFO ] (org.hibernate.tool.hbm2ddl.TableMetadata:68) - foreign keys: []
2015-10-05 10:34:44,304 [INFO ] (org.hibernate.tool.hbm2ddl.TableMetadata:69) - indexes: [constraint_index_8, primary_key_8]
2015-10-05 10:34:44,304 [INFO ] (org.hibernate.tool.hbm2ddl.TableMetadata:65) - table found: 3SOR-DB.PUBLIC.ROLE
2015-10-05 10:34:44,304 [INFO ] (org.hibernate.tool.hbm2ddl.TableMetadata:66) - columns: [role, id]
2015-10-05 10:34:44,304 [INFO ] (org.hibernate.tool.hbm2ddl.TableMetadata:68) - foreign keys: []
2015-10-05 10:34:44,304 [INFO ] (org.hibernate.tool.hbm2ddl.TableMetadata:69) - indexes: [primary_key_2]
2015-10-05 10:34:44,304 [INFO ] (org.hibernate.tool.hbm2ddl.TableMetadata:65) - table found: 3SOR-DB.PUBLIC.SIZE
2015-10-05 10:34:44,304 [INFO ] (org.hibernate.tool.hbm2ddl.TableMetadata:66) - columns: [sizes, id]
2015-10-05 10:34:44,304 [INFO ] (org.hibernate.tool.hbm2ddl.TableMetadata:68) - foreign keys: []
2015-10-05 10:34:44,304 [INFO ] (org.hibernate.tool.hbm2ddl.TableMetadata:69) - indexes: [primary_key_26]
2015-10-05 10:34:44,320 [INFO ] (org.hibernate.tool.hbm2ddl.TableMetadata:65) - table found: 3SOR-DB.PUBLIC.STEPPRICE
2015-10-05 10:34:44,320 [INFO ] (org.hibernate.tool.hbm2ddl.TableMetadata:66) - columns: [productstep_id, productmodel, price, id]
2015-10-05 10:34:44,320 [INFO ] (org.hibernate.tool.hbm2ddl.TableMetadata:68) - foreign keys: [fk4f5719ddd2c089b3]
2015-10-05 10:34:44,320 [INFO ] (org.hibernate.tool.hbm2ddl.TableMetadata:69) - indexes: [fk4f5719ddd2c089b3_index_f, primary_key_f]
2015-10-05 10:34:44,320 [INFO ] (org.hibernate.tool.hbm2ddl.TableMetadata:65) - table found: 3SOR-DB.PUBLIC.TRACKINGSHEET
2015-10-05 10:34:44,320 [INFO ] (org.hibernate.tool.hbm2ddl.TableMetadata:66) - columns: [yarncolor_id, knitterquantity, startnumber, actualchecker_id, detailweight, startdate, knittersize_id, endnumber, backinglistnumber, enddate, mainknitter_id, actualweight, knitterweight, productionstepchecker_id, bonus_id, id, customer_id, barcode, knitterchecker_id, status, productmodel_id]
2015-10-05 10:34:44,320 [INFO ] (org.hibernate.tool.hbm2ddl.TableMetadata:68) - foreign keys: [fk68b4d9087566c2d0, fk68b4d908ba0bbf29, fk68b4d908ab2904d6, fk68b4d90861e8e387, fk68b4d90869930e95, fk68b4d90813a11a76, fk68b4d908dee7b609, fk68b4d90831998d8b, fk68b4d9082361889d]
2015-10-05 10:34:44,320 [INFO ] (org.hibernate.tool.hbm2ddl.TableMetadata:69) - indexes: [fk68b4d908ab2904d6_index_2, fk68b4d908dee7b609_index_2, fk68b4d90813a11a76_index_2, fk68b4d90831998d8b_index_2, fk68b4d90861e8e387_index_2, primary_key_22, fk68b4d90869930e95_index_2, fk68b4d9082361889d_index_2, fk68b4d9087566c2d0_index_2, fk68b4d908ba0bbf29_index_2]
2015-10-05 10:34:44,320 [INFO ] (org.hibernate.tool.hbm2ddl.TableMetadata:65) - table found: 3SOR-DB.PUBLIC.TRACKINGSHEET_COLOUR
2015-10-05 10:34:44,320 [INFO ] (org.hibernate.tool.hbm2ddl.TableMetadata:66) - columns: [yarncolorlist_id, trackingsheet_id]
2015-10-05 10:34:44,320 [INFO ] (org.hibernate.tool.hbm2ddl.TableMetadata:68) - foreign keys: [fk5cf21503dedac7cb, fk5cf215039729d498]
2015-10-05 10:34:44,335 [INFO ] (org.hibernate.tool.hbm2ddl.TableMetadata:69) - indexes: [fk5cf21503dedac7cb_index_e, fk5cf215039729d498_index_e]
2015-10-05 10:34:44,335 [INFO ] (org.hibernate.tool.hbm2ddl.TableMetadata:65) - table found: 3SOR-DB.PUBLIC.TRACKINGSHEET_WORKSTEP
2015-10-05 10:34:44,335 [INFO ] (org.hibernate.tool.hbm2ddl.TableMetadata:66) - columns: [trackingsheet_id, worksteplist_id]
2015-10-05 10:34:44,335 [INFO ] (org.hibernate.tool.hbm2ddl.TableMetadata:68) - foreign keys: [fk104db6f4dedac7cb, fk104db6f4b3be780b]
2015-10-05 10:34:44,335 [INFO ] (org.hibernate.tool.hbm2ddl.TableMetadata:69) - indexes: [fk104db6f4b3be780b_index_f, fk104db6f4dedac7cb_index_f]
2015-10-05 10:34:44,335 [INFO ] (org.hibernate.tool.hbm2ddl.TableMetadata:65) - table found: 3SOR-DB.PUBLIC.USERS
2015-10-05 10:34:44,335 [INFO ] (org.hibernate.tool.hbm2ddl.TableMetadata:66) - columns: [id, pwd, username]
2015-10-05 10:34:44,335 [INFO ] (org.hibernate.tool.hbm2ddl.TableMetadata:68) - foreign keys: []
2015-10-05 10:34:44,335 [INFO ] (org.hibernate.tool.hbm2ddl.TableMetadata:69) - indexes: [primary_key_4, constraint_index_4]
2015-10-05 10:34:44,335 [INFO ] (org.hibernate.tool.hbm2ddl.TableMetadata:65) - table found: 3SOR-DB.PUBLIC.USERS_ROLE
2015-10-05 10:34:44,351 [INFO ] (org.hibernate.tool.hbm2ddl.TableMetadata:66) - columns: [role_id, users_id]
2015-10-05 10:34:44,351 [INFO ] (org.hibernate.tool.hbm2ddl.TableMetadata:68) - foreign keys: [fk9459304de182527b, fk9459304db4afdc19]
2015-10-05 10:34:44,351 [INFO ] (org.hibernate.tool.hbm2ddl.TableMetadata:69) - indexes: [fk9459304de182527b_index_b, fk9459304db4afdc19_index_b]
2015-10-05 10:34:44,351 [INFO ] (org.hibernate.tool.hbm2ddl.SchemaUpdate:217) - schema update complete
2015-10-05 10:34:44,351 [INFO ] (org.hibernate.cache.UpdateTimestampsCache:57) - starting update timestamps cache at region: org.hibernate.cache.UpdateTimestampsCache
2015-10-05 10:34:44,351 [WARN ] (org.hibernate.cache.EhCacheProvider:93) - Could not find configuration [org.hibernate.cache.UpdateTimestampsCache]; using defaults.
2015-10-05 10:34:44,366 [INFO ] (org.hibernate.cache.StandardQueryCache:75) - starting query cache at region: org.hibernate.cache.StandardQueryCache
2015-10-05 10:34:44,366 [WARN ] (org.hibernate.cache.EhCacheProvider:93) - Could not find configuration [org.hibernate.cache.StandardQueryCache]; using defaults.
2015-10-05 10:34:44,834 [DEBUG] (org.hibernate.SQL:111) - insert into Bonus (id, name, value) values (null, ?, ?)
Hibernate: insert into Bonus (id, name, value) values (null, ?, ?)
2015-10-05 10:34:44,866 [WARN ] (org.hibernate.util.JDBCExceptionReporter:100) - SQL Error: 23001, SQLState: 23001
2015-10-05 10:34:44,866 [ERROR] (org.hibernate.util.JDBCExceptionReporter:101) - Unique index or primary key violation: &quot;CONSTRAINT_INDEX_3C ON PUBLIC.BONUS(NAME)&quot;; SQL statement:
insert into Bonus (id, name, value) values (null, ?, ?) [23001-152]
</system-out>
  </testcase>
  <testcase classname="mn.threesor.tims.service.BonusServiceTest" name="testServiceAvailable" time="0"/>
</testsuite>